<?xml version="1.0" encoding="UTF-8"?>
<testng-results ignored="0" total="1" passed="1" failed="0" skipped="0">
  <reporter-output>
  </reporter-output>
  <suite started-at="2022-07-02T19:04:09 IST" name="KeywordDrivenFramework" finished-at="2022-07-02T19:04:22 IST" duration-ms="12530">
    <groups>
    </groups>
    <test started-at="2022-07-02T19:04:09 IST" name="LoginTest" finished-at="2022-07-02T19:04:22 IST" duration-ms="12530">
      <class name="com.keyword.tests.LoginTest">
        <test-method signature="loginTestScenario()[pri:0, instance:com.keyword.tests.LoginTest@130d63be]" started-at="2022-07-02T19:04:10 IST" name="loginTestScenario" finished-at="2022-07-02T19:04:22 IST" duration-ms="12366" status="PASS">
          <reporter-output>
          </reporter-output>
        </test-method> <!-- loginTestScenario -->
      </class> <!-- com.keyword.tests.LoginTest -->
    </test> <!-- LoginTest -->
  </suite> <!-- KeywordDrivenFramework -->
</testng-results>
